<?xml version="1.0" encoding="UTF-8"?>
<!-- Generated by org.testng.reporters.JUnitReportReporter -->
<testsuite hostname="LAPTOP-N80VMEMU" name="com.orangeHrm.testScripts.Ggg" tests="1" failures="0" timestamp="26 Mar 2021 04:27:39 GMT" time="0.012" errors="0">
  <testcase name="sample" time="0.012" classname="com.orangeHrm.testScripts.Ggg"/>
</testsuite> <!-- com.orangeHrm.testScripts.Ggg -->
