<?xml version="1.0" encoding="UTF-8"?>
<!-- Generated by org.testng.reporters.JUnitReportReporter -->
<testsuite hostname="LAPTOP-N80VMEMU" name="com.orangeHrm.testScripts.Login_test1" tests="1" failures="0" timestamp="26 Mar 2021 05:19:55 GMT" time="45.720" errors="0">
  <testcase name="test1" time="45.720" classname="com.orangeHrm.testScripts.Login_test1"/>
</testsuite> <!-- com.orangeHrm.testScripts.Login_test1 -->
